<?xml version="1.0" encoding="UTF-8"?>
<!-- Generated by org.testng.reporters.JUnitXMLReporter -->
<testsuite ignored="0" hostname="LAPTOP-VV4VQ76P" failures="1" tests="1" name="Test" time="8.052" errors="0" timestamp="2025-06-23T10:50:00 IST">
  <testcase classname="testCases.TC001_AccountOverview" name="acc_overview" time="2.349">
    <failure type="java.lang.NullPointerException" message="Cannot invoke &amp;quot;com.aventstack.extentreports.ExtentTest.pass(String)&amp;quot; because &amp;quot;this.test&amp;quot; is null">
      <![CDATA[java.lang.NullPointerException: Cannot invoke "com.aventstack.extentreports.ExtentTest.pass(String)" because "this.test" is null
at listeners.ExtentReportManager.onTestSuccess(ExtentReportManager.java:46)
at java.base/java.util.ArrayList.forEach(ArrayList.java:1597)
... Removed 24 stack frames]]>
    </failure>
  </testcase> <!-- acc_overview -->
</testsuite> <!-- Test -->
