<?xml version="1.0" encoding="UTF-8"?>
<testng-results ignored="0" total="2" passed="2" failed="0" skipped="0">
  <reporter-output>
  </reporter-output>
  <suite started-at="2025-06-20T17:31:21 IST" name="Suite" finished-at="2025-06-20T17:31:41 IST" duration-ms="20107">
    <groups>
      <group name="Master">
        <method signature="TC001_AccountLogIn.acc_login()[pri:0, instance:testCases.TC001_AccountLogIn@62230c58]" name="acc_login" class="testCases.TC001_AccountLogIn"/>
        <method signature="TC001_AccountRegistrationTest.acc_registration()[pri:0, instance:testCases.TC001_AccountRegistrationTest@59af0466]" name="acc_registration" class="testCases.TC001_AccountRegistrationTest"/>
      </group> <!-- Master -->
      <group name="Sanity">
        <method signature="TC001_AccountLogIn.acc_login()[pri:0, instance:testCases.TC001_AccountLogIn@62230c58]" name="acc_login" class="testCases.TC001_AccountLogIn"/>
      </group> <!-- Sanity -->
      <group name="Regression">
        <method signature="TC001_AccountRegistrationTest.acc_registration()[pri:0, instance:testCases.TC001_AccountRegistrationTest@59af0466]" name="acc_registration" class="testCases.TC001_AccountRegistrationTest"/>
      </group> <!-- Regression -->
    </groups>
    <test started-at="2025-06-20T17:31:21 IST" name="Test" finished-at="2025-06-20T17:31:41 IST" duration-ms="20107">
      <class name="testCases.TC001_AccountLogIn">
        <test-method is-config="true" signature="setup(java.lang.String,java.lang.String)[pri:0, instance:testCases.TC001_AccountLogIn@62230c58]" started-at="2025-06-20T17:31:32 IST" name="setup" finished-at="2025-06-20T17:31:37 IST" duration-ms="4850" status="PASS">
          <params>
            <param index="0">
              <value>
                <![CDATA[Windows]]>
              </value>
            </param>
            <param index="1">
              <value>
                <![CDATA[chrome]]>
              </value>
            </param>
          </params>
          <reporter-output>
          </reporter-output>
        </test-method> <!-- setup -->
        <test-method signature="acc_login()[pri:0, instance:testCases.TC001_AccountLogIn@62230c58]" started-at="2025-06-20T17:31:37 IST" name="acc_login" finished-at="2025-06-20T17:31:41 IST" duration-ms="3999" status="PASS">
          <reporter-output>
          </reporter-output>
        </test-method> <!-- acc_login -->
      </class> <!-- testCases.TC001_AccountLogIn -->
      <class name="testCases.TC001_AccountRegistrationTest">
        <test-method is-config="true" signature="setup(java.lang.String,java.lang.String)[pri:0, instance:testCases.TC001_AccountRegistrationTest@59af0466]" started-at="2025-06-20T17:31:21 IST" name="setup" finished-at="2025-06-20T17:31:28 IST" duration-ms="7101" status="PASS">
          <params>
            <param index="0">
              <value>
                <![CDATA[Windows]]>
              </value>
            </param>
            <param index="1">
              <value>
                <![CDATA[chrome]]>
              </value>
            </param>
          </params>
          <reporter-output>
          </reporter-output>
        </test-method> <!-- setup -->
        <test-method signature="acc_registration()[pri:0, instance:testCases.TC001_AccountRegistrationTest@59af0466]" started-at="2025-06-20T17:31:28 IST" name="acc_registration" finished-at="2025-06-20T17:31:32 IST" duration-ms="4090" status="PASS">
          <reporter-output>
          </reporter-output>
        </test-method> <!-- acc_registration -->
      </class> <!-- testCases.TC001_AccountRegistrationTest -->
    </test> <!-- Test -->
  </suite> <!-- Suite -->
</testng-results>
