<?xml version="1.0" encoding="UTF-8"?>
<testng-results ignored="0" total="2" passed="2" failed="0" skipped="0">
  <reporter-output>
  </reporter-output>
  <suite started-at="2025-06-22T13:00:06 IST" name="Suite" finished-at="2025-06-22T13:00:24 IST" duration-ms="18677">
    <groups>
      <group name="Master">
        <method signature="TC001_AccountLogIn.acc_login()[pri:0, instance:testCases.TC001_AccountLogIn@4e928fbf]" name="acc_login" class="testCases.TC001_AccountLogIn"/>
        <method signature="TC001_AccountRegistrationTest.acc_registration()[pri:0, instance:testCases.TC001_AccountRegistrationTest@64e7619d]" name="acc_registration" class="testCases.TC001_AccountRegistrationTest"/>
      </group> <!-- Master -->
      <group name="Sanity">
        <method signature="TC001_AccountLogIn.acc_login()[pri:0, instance:testCases.TC001_AccountLogIn@4e928fbf]" name="acc_login" class="testCases.TC001_AccountLogIn"/>
      </group> <!-- Sanity -->
      <group name="Regression">
        <method signature="TC001_AccountRegistrationTest.acc_registration()[pri:0, instance:testCases.TC001_AccountRegistrationTest@64e7619d]" name="acc_registration" class="testCases.TC001_AccountRegistrationTest"/>
      </group> <!-- Regression -->
    </groups>
    <test started-at="2025-06-22T13:00:06 IST" name="Test" finished-at="2025-06-22T13:00:24 IST" duration-ms="18677">
      <class name="testCases.TC001_AccountLogIn">
        <test-method is-config="true" signature="setup(java.lang.String,java.lang.String)[pri:0, instance:testCases.TC001_AccountLogIn@4e928fbf]" started-at="2025-06-22T13:00:16 IST" name="setup" finished-at="2025-06-22T13:00:21 IST" duration-ms="5104" status="PASS">
          <params>
            <param index="0">
              <value>
                <![CDATA[Windows]]>
              </value>
            </param>
            <param index="1">
              <value>
                <![CDATA[chrome]]>
              </value>
            </param>
          </params>
          <reporter-output>
          </reporter-output>
        </test-method> <!-- setup -->
        <test-method signature="acc_login()[pri:0, instance:testCases.TC001_AccountLogIn@4e928fbf]" started-at="2025-06-22T13:00:21 IST" name="acc_login" finished-at="2025-06-22T13:00:24 IST" duration-ms="3524" status="PASS">
          <reporter-output>
          </reporter-output>
        </test-method> <!-- acc_login -->
      </class> <!-- testCases.TC001_AccountLogIn -->
      <class name="testCases.TC001_AccountRegistrationTest">
        <test-method is-config="true" signature="setup(java.lang.String,java.lang.String)[pri:0, instance:testCases.TC001_AccountRegistrationTest@64e7619d]" started-at="2025-06-22T13:00:06 IST" name="setup" finished-at="2025-06-22T13:00:13 IST" duration-ms="7008" status="PASS">
          <params>
            <param index="0">
              <value>
                <![CDATA[Windows]]>
              </value>
            </param>
            <param index="1">
              <value>
                <![CDATA[chrome]]>
              </value>
            </param>
          </params>
          <reporter-output>
          </reporter-output>
        </test-method> <!-- setup -->
        <test-method signature="acc_registration()[pri:0, instance:testCases.TC001_AccountRegistrationTest@64e7619d]" started-at="2025-06-22T13:00:13 IST" name="acc_registration" finished-at="2025-06-22T13:00:16 IST" duration-ms="2971" status="PASS">
          <reporter-output>
          </reporter-output>
        </test-method> <!-- acc_registration -->
      </class> <!-- testCases.TC001_AccountRegistrationTest -->
    </test> <!-- Test -->
  </suite> <!-- Suite -->
</testng-results>
